<?xml version="1.0" encoding="UTF-8"?>
<!-- Generated by org.testng.reporters.JUnitReportReporter -->
<testsuite hostname="MSDT081" failures="0" tests="2" name="Pages.Login_Page" time="9.571" errors="0" timestamp="2022-02-03T16:29:12 IST" skipped="0">
  <testcase classname="Pages.Login_Page" name="Forgepass" time="2.697"/>
  <system-out/>
  <testcase classname="Pages.Login_Page" name="Login" time="6.874"/>
  <system-out/>
</testsuite> <!-- Pages.Login_Page -->
