<?xml version="1.0" encoding="UTF-8"?>
<!-- Generated by org.testng.reporters.JUnitReportReporter -->
<testsuite hostname="MSDT081" failures="0" tests="2" name="Pages.Home_Page" time="1.328" errors="0" timestamp="2022-02-03T16:29:12 IST" skipped="0">
  <testcase classname="Pages.Home_Page" name="Logout" time="1.293"/>
  <system-out/>
  <testcase classname="Pages.Home_Page" name="Page" time="0.035"/>
  <system-out/>
</testsuite> <!-- Pages.Home_Page -->
